2009-02-14 09:07:54 Warning: Warning (2): Missing argument 2 for Controller::flash(), called in C:\wamp\www\cake\app\controllers\posts_controller.php on line 25 and defined in [CORE\cake\libs\controller\controller.php, line 833]
2009-02-14 09:08:10 Warning: Warning (2): Missing argument 2 for Controller::flash(), called in C:\wamp\www\cake\app\controllers\posts_controller.php on line 25 and defined in [CORE\cake\libs\controller\controller.php, line 833]
2009-02-14 09:08:12 Warning: Warning (2): Missing argument 2 for Controller::flash(), called in C:\wamp\www\cake\app\controllers\posts_controller.php on line 25 and defined in [CORE\cake\libs\controller\controller.php, line 833]
2009-02-14 09:08:13 Warning: Warning (2): Missing argument 2 for Controller::flash(), called in C:\wamp\www\cake\app\controllers\posts_controller.php on line 25 and defined in [CORE\cake\libs\controller\controller.php, line 833]
2009-02-28 13:53:08 Warning: Warning (2): Illegal offset type in [APP\views\users\index.ctp, line 6]
2009-02-28 13:53:33 Warning: Warning (2): Illegal offset type in [APP\views\users\index.ctp, line 6]
2009-02-28 13:58:21 Warning: Warning (512): <span style = "color:Red;text-align:left"><b>SQL Error:</b> 1062: Duplicate entry 'mamad' for key 1</span> in [CORE\cake\libs\model\datasources\dbo_source.php, line 514]
2009-04-08 12:56:15 Warning: Warning (512): <span style = "color:Red;text-align:left"><b>SQL Error:</b> 1054: Unknown column 'news.i_d' in 'where clause'</span> in [CORE\cake\libs\model\datasources\dbo_source.php, line 514]
2009-04-08 12:56:15 Warning: Warning (2): Invalid argument supplied for foreach() in [APP\views\news\index.ctp, line 2]
2009-04-08 12:56:15 Warning: Warning (512): <span style = "color:Red;text-align:left"><b>SQL Error:</b> 1054: Unknown column 'news.i_d' in 'where clause'</span> in [CORE\cake\libs\model\datasources\dbo_source.php, line 514]
2009-04-08 12:56:15 Warning: Warning (2): Invalid argument supplied for foreach() in [APP\views\news\index.ctp, line 2]
2009-04-13 09:37:11 Warning: Warning (2): Missing argument 1 for ProductsController::show(), called in C:\wamp\www\asrnet\cake\libs\object.php on line 115 and defined in [APP\controllers\products_Controller.php, line 6]
2009-04-13 10:07:02 Warning: Warning (2): Missing argument 1 for ProductsController::show(), called in C:\wamp\www\asrnet\cake\libs\object.php on line 115 and defined in [APP\controllers\products_Controller.php, line 6]
2009-04-13 10:09:03 Warning: Warning (2): Missing argument 1 for ProductsController::show(), called in C:\wamp\www\asrnet\cake\libs\object.php on line 115 and defined in [APP\controllers\products_Controller.php, line 6]
2009-04-13 10:10:44 Warning: Warning (2): Missing argument 1 for ProductsController::show(), called in C:\wamp\www\asrnet\cake\libs\object.php on line 115 and defined in [APP\controllers\products_Controller.php, line 6]
2009-04-13 10:10:47 Warning: Warning (2): Missing argument 1 for ProductsController::show(), called in C:\wamp\www\asrnet\cake\libs\object.php on line 115 and defined in [APP\controllers\products_Controller.php, line 6]
2009-04-13 10:13:14 Warning: Warning (2): Missing argument 1 for ProductsController::show(), called in C:\wamp\www\asrnet\cake\libs\object.php on line 115 and defined in [APP\controllers\products_Controller.php, line 6]
2009-04-13 10:31:57 Warning: Warning (2): Missing argument 1 for ProductsController::show(), called in C:\wamp\www\asrnet\cake\libs\object.php on line 115 and defined in [APP\controllers\products_Controller.php, line 6]
2009-04-13 10:32:36 Warning: Warning (2): Missing argument 1 for ProductsController::show(), called in C:\wamp\www\asrnet\cake\libs\object.php on line 115 and defined in [APP\controllers\products_Controller.php, line 6]
2009-04-13 10:32:36 Warning: Warning (512): <span style = "color:Red;text-align:left"><b>SQL Error:</b> 1054: Unknown column 'Product.services_id' in 'where clause'</span> in [CORE\cake\libs\model\datasources\dbo_source.php, line 514]
2009-04-13 10:32:37 Warning: Warning (2): Missing argument 1 for ProductsController::show(), called in C:\wamp\www\asrnet\cake\libs\object.php on line 115 and defined in [APP\controllers\products_Controller.php, line 6]
2009-04-13 10:32:37 Warning: Warning (512): <span style = "color:Red;text-align:left"><b>SQL Error:</b> 1054: Unknown column 'Product.services_id' in 'where clause'</span> in [CORE\cake\libs\model\datasources\dbo_source.php, line 514]
2009-04-13 11:02:47 Warning: Warning (2): Missing argument 1 for ProductsController::show(), called in C:\wamp\www\asrnet\cake\libs\object.php on line 115 and defined in [APP\controllers\products_Controller.php, line 6]
2009-04-13 11:02:47 Warning: Warning (512): <span style = "color:Red;text-align:left"><b>SQL Error:</b> 1054: Unknown column 'Product.services_id' in 'where clause'</span> in [CORE\cake\libs\model\datasources\dbo_source.php, line 514]
2009-04-13 11:03:13 Warning: Warning (2): Missing argument 1 for ProductsController::show(), called in C:\wamp\www\asrnet\cake\libs\object.php on line 115 and defined in [APP\controllers\products_Controller.php, line 6]
2009-04-13 11:03:13 Warning: Warning (512): <span style = "color:Red;text-align:left"><b>SQL Error:</b> 1054: Unknown column 'Product.services_id' in 'where clause'</span> in [CORE\cake\libs\model\datasources\dbo_source.php, line 514]
2009-04-13 11:03:13 Warning: Warning (2): Invalid argument supplied for foreach() in [APP\views\products\show.ctp, line 6]
2009-04-13 11:07:09 Warning: Warning (2): Missing argument 1 for ProductsController::show(), called in C:\wamp\www\asrnet\cake\libs\object.php on line 115 and defined in [APP\controllers\products_Controller.php, line 6]
2009-04-13 11:08:52 Warning: Warning (2): Missing argument 1 for ProductsController::show(), called in C:\wamp\www\asrnet\cake\libs\object.php on line 115 and defined in [APP\controllers\products_Controller.php, line 6]
2009-04-13 11:09:54 Warning: Warning (2): Missing argument 1 for ProductsController::show(), called in C:\wamp\www\asrnet\cake\libs\object.php on line 115 and defined in [APP\controllers\products_Controller.php, line 6]
2009-04-13 11:10:11 Warning: Warning (2): Missing argument 1 for ProductsController::show(), called in C:\wamp\www\asrnet\cake\libs\object.php on line 115 and defined in [APP\controllers\products_Controller.php, line 6]
2009-04-13 11:10:21 Warning: Warning (2): Missing argument 1 for ProductsController::show(), called in C:\wamp\www\asrnet\cake\libs\object.php on line 115 and defined in [APP\controllers\products_Controller.php, line 6]
2009-04-13 11:13:58 Warning: Warning (2): Missing argument 1 for ProductsController::show(), called in C:\wamp\www\asrnet\cake\libs\object.php on line 115 and defined in [APP\controllers\products_Controller.php, line 6]
2009-04-13 11:14:19 Warning: Warning (2): Missing argument 1 for ProductsController::show(), called in C:\wamp\www\asrnet\cake\libs\object.php on line 115 and defined in [APP\controllers\products_Controller.php, line 6]
2009-04-13 11:16:46 Warning: Warning (2): Missing argument 1 for ProductsController::show(), called in C:\wamp\www\asrnet\cake\libs\object.php on line 115 and defined in [APP\controllers\products_Controller.php, line 6]
2009-04-13 11:17:04 Warning: Warning (2): Missing argument 1 for ProductsController::show(), called in C:\wamp\www\asrnet\cake\libs\object.php on line 115 and defined in [APP\controllers\products_Controller.php, line 6]
2009-04-13 11:18:32 Warning: Warning (2): Missing argument 1 for ProductsController::show(), called in C:\wamp\www\asrnet\cake\libs\object.php on line 115 and defined in [APP\controllers\products_Controller.php, line 6]
2009-04-15 09:25:37 Warning: Warning (512): <span style = "color:Red;text-align:left"><b>SQL Error:</b> 1054: Unknown column 'Payment.transaction_id' in 'on clause'</span> in [CORE\cake\libs\model\datasources\dbo_source.php, line 514]
2009-04-15 09:42:18 Warning: Warning (2): Invalid argument supplied for foreach() in [APP\views\users\newOrder.ctp, line 7]
2009-04-15 11:11:46 Warning: Warning (2): Missing argument 1 for OrdersController::buy(), called in C:\wamp\www\asrnet\cake\libs\object.php on line 115 and defined in [APP\controllers\orders_controller.php, line 7]
2009-04-15 11:11:46 Warning: Warning (2): Missing argument 2 for OrdersController::buy(), called in C:\wamp\www\asrnet\cake\libs\object.php on line 115 and defined in [APP\controllers\orders_controller.php, line 7]
2009-04-15 11:11:46 Warning: Warning (512): <span style = "color:Red;text-align:left"><b>SQL Error:</b> 1048: Column 'product_id' cannot be null</span> in [CORE\cake\libs\model\datasources\dbo_source.php, line 514]
2009-04-15 11:11:46 Warning: Warning (2): Invalid argument supplied for foreach() in [APP\views\orders\buy.ctp, line 7]
2009-04-15 11:11:47 Warning: Warning (2): Missing argument 1 for OrdersController::buy(), called in C:\wamp\www\asrnet\cake\libs\object.php on line 115 and defined in [APP\controllers\orders_controller.php, line 7]
2009-04-15 11:11:47 Warning: Warning (2): Missing argument 2 for OrdersController::buy(), called in C:\wamp\www\asrnet\cake\libs\object.php on line 115 and defined in [APP\controllers\orders_controller.php, line 7]
2009-04-15 11:11:47 Warning: Warning (512): <span style = "color:Red;text-align:left"><b>SQL Error:</b> 1048: Column 'product_id' cannot be null</span> in [CORE\cake\libs\model\datasources\dbo_source.php, line 514]
2009-04-15 11:11:47 Warning: Warning (2): Invalid argument supplied for foreach() in [APP\views\orders\buy.ctp, line 7]
2009-04-15 11:23:28 Warning: Warning (2): Invalid argument supplied for foreach() in [APP\views\users\buy.ctp, line 7]
2009-04-15 12:32:54 Warning: Warning (2): Invalid argument supplied for foreach() in [APP\controllers\users_controller.php, line 32]
2009-04-15 12:36:46 Warning: Warning (2): Invalid argument supplied for foreach() in [APP\controllers\users_controller.php, line 32]
2009-04-15 12:37:18 Warning: Warning (2): Invalid argument supplied for foreach() in [APP\controllers\users_controller.php, line 32]
2009-04-15 12:38:29 Warning: Warning (2): Invalid argument supplied for foreach() in [APP\controllers\users_controller.php, line 32]
2009-04-15 12:47:31 Warning: Warning (2): Invalid argument supplied for foreach() in [APP\controllers\users_controller.php, line 32]
2009-04-15 12:48:59 Warning: Warning (2): Invalid argument supplied for foreach() in [APP\controllers\users_controller.php, line 32]
2009-04-15 12:52:34 Warning: Warning (2): Invalid argument supplied for foreach() in [APP\controllers\users_controller.php, line 32]
2009-04-15 12:52:54 Warning: Warning (2): Invalid argument supplied for foreach() in [APP\controllers\users_controller.php, line 32]
2009-04-15 13:24:48 Warning: Warning (512): <span style = "color:Red;text-align:left"><b>SQL Error:</b> 1054: Unknown column 'Product.order_id' in 'on clause'</span> in [CORE\cake\libs\model\datasources\dbo_source.php, line 514]
2009-04-15 13:24:48 Warning: Warning (2): Invalid argument supplied for foreach() in [APP\controllers\users_controller.php, line 34]
2009-04-18 13:06:36 Warning: Warning (2): file_get_contents(whoisservers.php) [<a href='http://php.net/function.file-get-contents'>function.file-get-contents</a>]: failed to open stream: No such file or directory in [APP\controllers\components\whois.php, line 5]
2009-04-18 13:23:57 Warning: Warning (2): file_get_contents(whoisservers.php) [<a href='http://php.net/function.file-get-contents'>function.file-get-contents</a>]: failed to open stream: No such file or directory in [APP\controllers\components\whois.php, line 5]
2009-04-22 12:18:27 Warning: Warning (512): <span style = "color:Red;text-align:left"><b>SQL Error:</b> 1064: You have an error in your SQL syntax; check the manual that corresponds to your MySQL server version for the right syntax to use near '' at line 1</span> in [CORE\cake\libs\model\datasources\dbo_source.php, line 514]
2009-04-22 12:18:28 Warning: Warning (2): Invalid argument supplied for foreach() in [CORE\cake\libs\model\datasources\dbo\dbo_mysql.php, line 447]
2009-04-22 12:18:28 Warning: Warning (2): array_keys() [<a href='http://php.net/function.array-keys'>function.array-keys</a>]: The first argument should be an array in [CORE\cake\libs\model\datasources\dbo_source.php, line 1656]
2009-04-22 12:18:28 Warning: Warning (2): array_filter() [<a href='http://php.net/function.array-filter'>function.array-filter</a>]: The first argument should be an array in [CORE\cake\libs\model\datasources\dbo_source.php, line 1660]
2009-04-22 12:18:28 Warning: Warning (2): array_values() [<a href='http://php.net/function.array-values'>function.array-values</a>]: The argument should be an array in [CORE\cake\libs\model\datasources\dbo_source.php, line 1660]
2009-04-22 12:18:28 Warning: Warning (2): array_unique() [<a href='http://php.net/function.array-unique'>function.array-unique</a>]: The argument should be an array in [CORE\cake\libs\model\datasources\dbo_source.php, line 1720]
2009-04-22 12:18:28 Warning: Warning (2): array_unique() [<a href='http://php.net/function.array-unique'>function.array-unique</a>]: The argument should be an array in [CORE\cake\libs\model\datasources\dbo_source.php, line 1046]
2009-04-22 12:18:28 Warning: Warning (2): join() [<a href='http://php.net/function.join'>function.join</a>]: Invalid arguments passed in [CORE\cake\libs\model\datasources\dbo_source.php, line 1259]
2009-04-22 12:18:28 Warning: Warning (512): <span style = "color:Red;text-align:left"><b>SQL Error:</b> 1064: You have an error in your SQL syntax; check the manual that corresponds to your MySQL server version for the right syntax to use near 'FROM  AS `Menu`   WHERE 1 = 1' at line 1</span> in [CORE\cake\libs\model\datasources\dbo_source.php, line 514]
2009-04-22 12:18:28 Warning: Warning (2): Invalid argument supplied for foreach() in [APP\views\elements\menu.ctp, line 5]
2009-04-22 12:18:28 Warning: Warning (512): <span style = "color:Red;text-align:left"><b>SQL Error:</b> 1064: You have an error in your SQL syntax; check the manual that corresponds to your MySQL server version for the right syntax to use near 'FROM  AS `news`   WHERE 1 = 1   ORDER BY `id` DESC  LIMIT 5' at line 1</span> in [CORE\cake\libs\model\datasources\dbo_source.php, line 514]
2009-04-22 12:18:28 Warning: Warning (2): Invalid argument supplied for foreach() in [APP\views\elements\news-block.ctp, line 10]
2009-04-22 13:16:18 Warning: Warning (512): <span style = "color:Red;text-align:left"><b>SQL Error:</b> 1064: You have an error in your SQL syntax; check the manual that corresponds to your MySQL server version for the right syntax to use near '.tot FROM `transactions` AS `Transaction` LEFT JOIN `payments` AS `Payment` ON (' at line 1</span> in [CORE\cake\libs\model\datasources\dbo_source.php, line 514]
2009-04-22 13:16:47 Warning: Warning (512): <span style = "color:Red;text-align:left"><b>SQL Error:</b> 1064: You have an error in your SQL syntax; check the manual that corresponds to your MySQL server version for the right syntax to use near '.tot FROM `transactions` AS `Transaction` LEFT JOIN `payments` AS `Payment` ON (' at line 1</span> in [CORE\cake\libs\model\datasources\dbo_source.php, line 514]
2009-04-22 13:17:00 Warning: Warning (512): <span style = "color:Red;text-align:left"><b>SQL Error:</b> 1054: Unknown column 'Transaction.cost' in 'field list'</span> in [CORE\cake\libs\model\datasources\dbo_source.php, line 514]
2009-04-22 13:18:05 Warning: Warning (512): <span style = "color:Red;text-align:left"><b>SQL Error:</b> 1054: Unknown column 'Payment.transaction_id' in 'on clause'</span> in [CORE\cake\libs\model\datasources\dbo_source.php, line 514]
2009-04-22 13:18:44 Warning: Warning (512): <span style = "color:Red;text-align:left"><b>SQL Error:</b> 1064: You have an error in your SQL syntax; check the manual that corresponds to your MySQL server version for the right syntax to use near '.tot FROM `transactions` AS `Transaction` LEFT JOIN `payments` AS `Payment` ON (' at line 1</span> in [CORE\cake\libs\model\datasources\dbo_source.php, line 514]
2009-04-22 13:19:32 Warning: Warning (512): <span style = "color:Red;text-align:left"><b>SQL Error:</b> 1054: Unknown column 'Payment.transaction_id' in 'on clause'</span> in [CORE\cake\libs\model\datasources\dbo_source.php, line 514]
2009-04-25 18:15:03 Warning: Warning (512): <span style = "color:Red;text-align:left"><b>SQL Error:</b> 1054: Unknown column 'Array' in 'field list'</span> in [CORE\cake\libs\model\datasources\dbo_source.php, line 514]
2009-04-26 07:15:34 Warning: Warning (512): <span style = "color:Red;text-align:left"><b>SQL Error:</b> 1: Can't create/write to file 'C:\WINDOWS\TEMP\#sql_e00_0.MYI' (Errcode: 13)</span> in [CORE\cake\libs\model\datasources\dbo_source.php, line 514]
2009-04-26 07:15:34 Warning: Warning (2): Invalid argument supplied for foreach() in [CORE\cake\libs\model\datasources\dbo\dbo_mysql.php, line 447]
2009-04-26 07:15:34 Warning: Warning (2): Cannot modify header information - headers already sent by (output started at C:\wamp\www\asrnet\cake\libs\debugger.php:511) in [CORE\cake\libs\controller\controller.php, line 615]
2009-04-26 07:15:44 Warning: Warning (512): <span style = "color:Red;text-align:left"><b>SQL Error:</b> 1: Can't create/write to file 'C:\WINDOWS\TEMP\#sql_e00_0.MYI' (Errcode: 13)</span> in [CORE\cake\libs\model\datasources\dbo_source.php, line 514]
2009-04-26 07:15:45 Warning: Warning (2): Invalid argument supplied for foreach() in [CORE\cake\libs\model\datasources\dbo\dbo_mysql.php, line 447]
2009-04-26 07:15:45 Warning: Warning (2): Cannot modify header information - headers already sent by (output started at C:\wamp\www\asrnet\cake\libs\debugger.php:511) in [CORE\cake\libs\controller\controller.php, line 615]
2009-04-26 07:16:03 Warning: Warning (512): <span style = "color:Red;text-align:left"><b>SQL Error:</b> 1: Can't create/write to file 'C:\WINDOWS\TEMP\#sql_e00_0.MYI' (Errcode: 13)</span> in [CORE\cake\libs\model\datasources\dbo_source.php, line 514]
2009-04-26 07:16:03 Warning: Warning (2): Invalid argument supplied for foreach() in [CORE\cake\libs\model\datasources\dbo\dbo_mysql.php, line 447]
2009-04-26 07:16:03 Warning: Warning (2): Cannot modify header information - headers already sent by (output started at C:\wamp\www\asrnet\cake\libs\debugger.php:511) in [CORE\cake\libs\controller\controller.php, line 615]
2009-04-26 07:23:46 Warning: Warning (512): <span style = "color:Red;text-align:left"><b>SQL Error:</b> 1: Can't create/write to file 'C:\WINDOWS\TEMP\#sql_e00_0.MYI' (Errcode: 13)</span> in [CORE\cake\libs\model\datasources\dbo_source.php, line 514]
2009-04-26 07:23:46 Warning: Warning (2): Invalid argument supplied for foreach() in [CORE\cake\libs\model\datasources\dbo\dbo_mysql.php, line 447]
2009-04-26 07:23:47 Warning: Warning (512): <span style = "color:Red;text-align:left"><b>SQL Error:</b> 1: Can't create/write to file 'C:\WINDOWS\TEMP\#sql_e00_0.MYI' (Errcode: 13)</span> in [CORE\cake\libs\model\datasources\dbo_source.php, line 514]
2009-04-26 07:23:47 Warning: Warning (2): Invalid argument supplied for foreach() in [CORE\cake\libs\model\datasources\dbo\dbo_mysql.php, line 447]
2009-04-26 07:23:47 Warning: Warning (2): Cannot modify header information - headers already sent by (output started at C:\wamp\www\asrnet\cake\libs\debugger.php:511) in [CORE\cake\libs\controller\controller.php, line 615]
2009-04-26 07:57:19 Warning: Warning (512): <span style = "color:Red;text-align:left"><b>SQL Error:</b> 1: Can't create/write to file 'C:\WINDOWS\TEMP\#sql_e00_0.MYI' (Errcode: 13)</span> in [CORE\cake\libs\model\datasources\dbo_source.php, line 514]
2009-04-26 07:57:19 Warning: Warning (2): Invalid argument supplied for foreach() in [CORE\cake\libs\model\datasources\dbo\dbo_mysql.php, line 447]
2009-04-26 07:57:19 Warning: Warning (2): Cannot modify header information - headers already sent by (output started at C:\wamp\www\asrnet\cake\libs\debugger.php:511) in [CORE\cake\libs\controller\controller.php, line 615]
2009-04-28 15:41:34 Warning: Warning (2): Missing argument 2 for PagesController::display(), called in C:\wamp\www\asrnet\cake\libs\object.php on line 117 and defined in [APP\controllers\pages_controller.php, line 8]
2009-04-28 15:41:35 Warning: Warning (2): Missing argument 2 for PagesController::display(), called in C:\wamp\www\asrnet\cake\libs\object.php on line 117 and defined in [APP\controllers\pages_controller.php, line 8]
2009-04-28 15:49:04 Warning: Warning (512): <span style = "color:Red;text-align:left"><b>SQL Error:</b> 1054: Unknown column 'Page.id' in 'where clause'</span> in [CORE\cake\libs\model\datasources\dbo_source.php, line 514]
2009-04-28 15:49:04 Warning: Warning (512): <span style = "color:Red;text-align:left"><b>SQL Error:</b> 1054: Unknown column 'Page.id' in 'where clause'</span> in [CORE\cake\libs\model\datasources\dbo_source.php, line 514]
2009-04-28 15:51:41 Warning: Warning (2): preg_match() expects parameter 2 to be string, array given in [CORE\cake\libs\model\datasources\dbo_source.php, line 1669]
2009-04-28 15:51:41 Warning: Warning (512): <span style = "color:Red;text-align:left"><b>SQL Error:</b> 1054: Unknown column 'Page.Array' in 'field list'</span> in [CORE\cake\libs\model\datasources\dbo_source.php, line 514]
2009-04-28 15:51:42 Warning: Warning (2): preg_match() expects parameter 2 to be string, array given in [CORE\cake\libs\model\datasources\dbo_source.php, line 1669]
2009-04-28 15:51:42 Warning: Warning (512): <span style = "color:Red;text-align:left"><b>SQL Error:</b> 1054: Unknown column 'Page.Array' in 'field list'</span> in [CORE\cake\libs\model\datasources\dbo_source.php, line 514]
2009-04-28 17:05:50 Warning: Warning (2): mktime() expects parameter 1 to be long, string given in [APP\controllers\components\jtime.php, line 105]
2009-04-28 17:07:38 Warning: Warning (2): mktime() expects parameter 1 to be long, string given in [APP\controllers\components\jtime.php, line 105]
2009-04-28 17:13:06 Warning: Warning (512): <span style = "color:Red;text-align:left"><b>SQL Error:</b> 1048: Column 'date' cannot be null</span> in [CORE\cake\libs\model\datasources\dbo_source.php, line 514]
2009-04-28 17:13:22 Warning: Warning (512): <span style = "color:Red;text-align:left"><b>SQL Error:</b> 1048: Column 'date' cannot be null</span> in [CORE\cake\libs\model\datasources\dbo_source.php, line 514]
2009-05-03 16:51:27 Warning: Warning (2): Invalid argument supplied for foreach() in [APP\views\elements\menu.ctp, line 5]
2009-05-03 16:51:27 Warning: Warning (2): Invalid argument supplied for foreach() in [APP\views\elements\news-block.ctp, line 9]
2009-05-03 16:58:40 Warning: Warning (2): Missing argument 2 for PagesController::display(), called in C:\wamp\www\asrnet\cake\libs\object.php on line 117 and defined in [APP\controllers\pages_controller.php, line 8]
2009-05-03 16:58:41 Warning: Warning (2): Missing argument 2 for PagesController::display(), called in C:\wamp\www\asrnet\cake\libs\object.php on line 117 and defined in [APP\controllers\pages_controller.php, line 8]
2009-05-03 16:58:43 Warning: Warning (2): Missing argument 2 for PagesController::display(), called in C:\wamp\www\asrnet\cake\libs\object.php on line 117 and defined in [APP\controllers\pages_controller.php, line 8]
2009-05-03 16:58:43 Warning: Warning (2): Missing argument 2 for PagesController::display(), called in C:\wamp\www\asrnet\cake\libs\object.php on line 117 and defined in [APP\controllers\pages_controller.php, line 8]
2009-05-03 16:59:51 Warning: Warning (2): Missing argument 2 for PagesController::display(), called in C:\wamp\www\asrnet\cake\libs\object.php on line 117 and defined in [APP\controllers\pages_controller.php, line 8]
2009-05-03 16:59:52 Warning: Warning (2): Missing argument 2 for PagesController::display(), called in C:\wamp\www\asrnet\cake\libs\object.php on line 117 and defined in [APP\controllers\pages_controller.php, line 8]
2009-05-03 17:00:59 Warning: Warning (2): Missing argument 2 for PagesController::display(), called in C:\wamp\www\asrnet\cake\libs\object.php on line 117 and defined in [APP\controllers\pages_controller.php, line 8]
2009-05-03 17:01:00 Warning: Warning (2): Missing argument 2 for PagesController::display(), called in C:\wamp\www\asrnet\cake\libs\object.php on line 117 and defined in [APP\controllers\pages_controller.php, line 8]
2009-05-03 17:01:06 Warning: Warning (2): Missing argument 2 for PagesController::display(), called in C:\wamp\www\asrnet\cake\libs\object.php on line 117 and defined in [APP\controllers\pages_controller.php, line 8]
2009-05-03 17:01:07 Warning: Warning (2): Missing argument 2 for PagesController::display(), called in C:\wamp\www\asrnet\cake\libs\object.php on line 117 and defined in [APP\controllers\pages_controller.php, line 8]
2009-05-03 17:02:22 Warning: Warning (2): Missing argument 2 for PagesController::display(), called in C:\wamp\www\asrnet\cake\libs\object.php on line 117 and defined in [APP\controllers\pages_controller.php, line 8]
2009-05-03 17:02:23 Warning: Warning (2): Missing argument 2 for PagesController::display(), called in C:\wamp\www\asrnet\cake\libs\object.php on line 117 and defined in [APP\controllers\pages_controller.php, line 8]
2009-05-03 17:02:30 Warning: Warning (2): Missing argument 2 for PagesController::display(), called in C:\wamp\www\asrnet\cake\libs\object.php on line 117 and defined in [APP\controllers\pages_controller.php, line 8]
2009-05-03 17:02:31 Warning: Warning (2): Missing argument 2 for PagesController::display(), called in C:\wamp\www\asrnet\cake\libs\object.php on line 117 and defined in [APP\controllers\pages_controller.php, line 8]
2009-05-05 08:38:54 Warning: Warning (2): array_merge() [<a href='http://php.net/function.array-merge'>function.array-merge</a>]: Argument #1 is not an array in [CORE\cake\libs\view\helpers\paginator.php, line 137]
2009-05-05 08:38:54 Warning: Warning (2): array_merge() [<a href='http://php.net/function.array-merge'>function.array-merge</a>]: Argument #2 is not an array in [CORE\cake\libs\view\helpers\paginator.php, line 137]
2009-05-05 08:38:54 Warning: Warning (2): array_merge() [<a href='http://php.net/function.array-merge'>function.array-merge</a>]: Argument #1 is not an array in [CORE\cake\libs\view\helpers\paginator.php, line 275]
2009-05-05 08:38:54 Warning: Warning (2): array_merge() [<a href='http://php.net/function.array-merge'>function.array-merge</a>]: Argument #2 is not an array in [CORE\cake\libs\view\helpers\paginator.php, line 275]
2009-05-05 08:39:48 Warning: Warning (2): array_merge() [<a href='http://php.net/function.array-merge'>function.array-merge</a>]: Argument #1 is not an array in [CORE\cake\libs\view\helpers\paginator.php, line 137]
2009-05-05 08:39:48 Warning: Warning (2): array_merge() [<a href='http://php.net/function.array-merge'>function.array-merge</a>]: Argument #2 is not an array in [CORE\cake\libs\view\helpers\paginator.php, line 137]
2009-05-05 08:39:48 Warning: Warning (2): array_merge() [<a href='http://php.net/function.array-merge'>function.array-merge</a>]: Argument #1 is not an array in [CORE\cake\libs\view\helpers\paginator.php, line 275]
2009-05-05 08:39:48 Warning: Warning (2): array_merge() [<a href='http://php.net/function.array-merge'>function.array-merge</a>]: Argument #2 is not an array in [CORE\cake\libs\view\helpers\paginator.php, line 275]
2009-05-05 08:39:49 Warning: Warning (2): array_merge() [<a href='http://php.net/function.array-merge'>function.array-merge</a>]: Argument #1 is not an array in [CORE\cake\libs\view\helpers\paginator.php, line 137]
2009-05-05 08:39:49 Warning: Warning (2): array_merge() [<a href='http://php.net/function.array-merge'>function.array-merge</a>]: Argument #2 is not an array in [CORE\cake\libs\view\helpers\paginator.php, line 137]
2009-05-05 08:39:50 Warning: Warning (2): array_merge() [<a href='http://php.net/function.array-merge'>function.array-merge</a>]: Argument #1 is not an array in [CORE\cake\libs\view\helpers\paginator.php, line 275]
2009-05-05 08:39:50 Warning: Warning (2): array_merge() [<a href='http://php.net/function.array-merge'>function.array-merge</a>]: Argument #2 is not an array in [CORE\cake\libs\view\helpers\paginator.php, line 275]
2009-05-05 08:40:29 Warning: Warning (2): array_merge() [<a href='http://php.net/function.array-merge'>function.array-merge</a>]: Argument #1 is not an array in [CORE\cake\libs\view\helpers\paginator.php, line 137]
2009-05-05 08:40:29 Warning: Warning (2): array_merge() [<a href='http://php.net/function.array-merge'>function.array-merge</a>]: Argument #2 is not an array in [CORE\cake\libs\view\helpers\paginator.php, line 137]
2009-05-05 08:40:29 Warning: Warning (2): array_merge() [<a href='http://php.net/function.array-merge'>function.array-merge</a>]: Argument #1 is not an array in [CORE\cake\libs\view\helpers\paginator.php, line 275]
2009-05-05 08:40:29 Warning: Warning (2): array_merge() [<a href='http://php.net/function.array-merge'>function.array-merge</a>]: Argument #2 is not an array in [CORE\cake\libs\view\helpers\paginator.php, line 275]
2009-05-05 08:40:32 Warning: Warning (2): array_merge() [<a href='http://php.net/function.array-merge'>function.array-merge</a>]: Argument #1 is not an array in [CORE\cake\libs\view\helpers\paginator.php, line 137]
2009-05-05 08:40:32 Warning: Warning (2): array_merge() [<a href='http://php.net/function.array-merge'>function.array-merge</a>]: Argument #2 is not an array in [CORE\cake\libs\view\helpers\paginator.php, line 137]
2009-05-05 08:40:32 Warning: Warning (2): array_merge() [<a href='http://php.net/function.array-merge'>function.array-merge</a>]: Argument #1 is not an array in [CORE\cake\libs\view\helpers\paginator.php, line 275]
2009-05-05 08:40:32 Warning: Warning (2): array_merge() [<a href='http://php.net/function.array-merge'>function.array-merge</a>]: Argument #2 is not an array in [CORE\cake\libs\view\helpers\paginator.php, line 275]
2009-05-05 08:42:12 Warning: Warning (2): array_merge() [<a href='http://php.net/function.array-merge'>function.array-merge</a>]: Argument #1 is not an array in [CORE\cake\libs\view\helpers\paginator.php, line 137]
2009-05-05 08:42:12 Warning: Warning (2): array_merge() [<a href='http://php.net/function.array-merge'>function.array-merge</a>]: Argument #2 is not an array in [CORE\cake\libs\view\helpers\paginator.php, line 137]
2009-05-05 08:42:12 Warning: Warning (2): array_merge() [<a href='http://php.net/function.array-merge'>function.array-merge</a>]: Argument #1 is not an array in [CORE\cake\libs\view\helpers\paginator.php, line 275]
2009-05-05 08:42:12 Warning: Warning (2): array_merge() [<a href='http://php.net/function.array-merge'>function.array-merge</a>]: Argument #2 is not an array in [CORE\cake\libs\view\helpers\paginator.php, line 275]
2009-05-05 08:42:14 Warning: Warning (2): array_merge() [<a href='http://php.net/function.array-merge'>function.array-merge</a>]: Argument #1 is not an array in [CORE\cake\libs\view\helpers\paginator.php, line 137]
2009-05-05 08:42:14 Warning: Warning (2): array_merge() [<a href='http://php.net/function.array-merge'>function.array-merge</a>]: Argument #2 is not an array in [CORE\cake\libs\view\helpers\paginator.php, line 137]
2009-05-05 08:42:14 Warning: Warning (2): array_merge() [<a href='http://php.net/function.array-merge'>function.array-merge</a>]: Argument #1 is not an array in [CORE\cake\libs\view\helpers\paginator.php, line 275]
2009-05-05 08:42:14 Warning: Warning (2): array_merge() [<a href='http://php.net/function.array-merge'>function.array-merge</a>]: Argument #2 is not an array in [CORE\cake\libs\view\helpers\paginator.php, line 275]
2009-05-05 08:42:59 Warning: Warning (2): array_merge() [<a href='http://php.net/function.array-merge'>function.array-merge</a>]: Argument #1 is not an array in [CORE\cake\libs\view\helpers\paginator.php, line 137]
2009-05-05 08:42:59 Warning: Warning (2): array_merge() [<a href='http://php.net/function.array-merge'>function.array-merge</a>]: Argument #2 is not an array in [CORE\cake\libs\view\helpers\paginator.php, line 137]
2009-05-05 08:42:59 Warning: Warning (2): array_merge() [<a href='http://php.net/function.array-merge'>function.array-merge</a>]: Argument #1 is not an array in [CORE\cake\libs\view\helpers\paginator.php, line 275]
2009-05-05 08:42:59 Warning: Warning (2): array_merge() [<a href='http://php.net/function.array-merge'>function.array-merge</a>]: Argument #2 is not an array in [CORE\cake\libs\view\helpers\paginator.php, line 275]
2009-05-05 08:43:02 Warning: Warning (2): array_merge() [<a href='http://php.net/function.array-merge'>function.array-merge</a>]: Argument #1 is not an array in [CORE\cake\libs\view\helpers\paginator.php, line 137]
2009-05-05 08:43:02 Warning: Warning (2): array_merge() [<a href='http://php.net/function.array-merge'>function.array-merge</a>]: Argument #2 is not an array in [CORE\cake\libs\view\helpers\paginator.php, line 137]
2009-05-05 08:43:02 Warning: Warning (2): array_merge() [<a href='http://php.net/function.array-merge'>function.array-merge</a>]: Argument #1 is not an array in [CORE\cake\libs\view\helpers\paginator.php, line 275]
2009-05-05 08:43:02 Warning: Warning (2): array_merge() [<a href='http://php.net/function.array-merge'>function.array-merge</a>]: Argument #2 is not an array in [CORE\cake\libs\view\helpers\paginator.php, line 275]
2009-05-05 09:55:45 Warning: Warning (512): <span style = "color:Red;text-align:left"><b>SQL Error:</b> 1054: Unknown column 'Transaction.UserId' in 'where clause'</span> in [CORE\cake\libs\model\datasources\dbo_source.php, line 514]
2009-05-05 09:55:45 Warning: Warning (2): Invalid argument supplied for foreach() in [APP\views\users\accounting.ctp, line 14]
2009-05-05 09:55:45 Warning: Warning (512): <span style = "color:Red;text-align:left"><b>SQL Error:</b> 1054: Unknown column 'Transaction.UserId' in 'where clause'</span> in [CORE\cake\libs\model\datasources\dbo_source.php, line 514]
2009-05-05 09:55:46 Warning: Warning (2): Invalid argument supplied for foreach() in [APP\views\users\accounting.ctp, line 14]
2009-05-19 11:44:49 Warning: Warning (2): Invalid argument supplied for foreach() in [APP\views\managers\add_order.ctp, line 22]
2009-05-20 09:13:54 Warning: Warning (512): <span style = "color:Red;text-align:left"><b>SQL Error:</b> 1054: Unknown column 'Page.id' in 'order clause'</span> in [CORE\cake\libs\model\datasources\dbo_source.php, line 514]
2009-05-20 09:13:54 Warning: Warning (2): Invalid argument supplied for foreach() in [APP\views\managers\pages.ctp, line 10]
2009-05-20 09:13:55 Warning: Warning (512): <span style = "color:Red;text-align:left"><b>SQL Error:</b> 1054: Unknown column 'Page.id' in 'order clause'</span> in [CORE\cake\libs\model\datasources\dbo_source.php, line 514]
2009-05-20 09:13:55 Warning: Warning (2): Invalid argument supplied for foreach() in [APP\views\managers\pages.ctp, line 10]
2009-05-20 10:20:44 Warning: Warning (512): <span style = "color:Red;text-align:left"><b>SQL Error:</b> 1054: Unknown column 'Page.id' in 'order clause'</span> in [CORE\cake\libs\model\datasources\dbo_source.php, line 514]
2009-05-20 10:20:44 Warning: Warning (2): Invalid argument supplied for foreach() in [APP\views\managers\pages.ctp, line 10]
2009-05-20 10:20:46 Warning: Warning (512): <span style = "color:Red;text-align:left"><b>SQL Error:</b> 1054: Unknown column 'Page.id' in 'order clause'</span> in [CORE\cake\libs\model\datasources\dbo_source.php, line 514]
2009-05-20 10:20:46 Warning: Warning (2): Invalid argument supplied for foreach() in [APP\views\managers\pages.ctp, line 10]
2009-05-20 10:50:04 Warning: Warning (512): <span style = "color:Red;text-align:left"><b>SQL Error:</b> 1054: Unknown column 'User.transaction_id' in 'on clause'</span> in [CORE\cake\libs\model\datasources\dbo_source.php, line 514]
2009-05-20 10:50:04 Warning: Warning (2): Invalid argument supplied for foreach() in [APP\views\managers\transactions.ctp, line 13]
2009-05-20 10:50:05 Warning: Warning (512): <span style = "color:Red;text-align:left"><b>SQL Error:</b> 1054: Unknown column 'User.transaction_id' in 'on clause'</span> in [CORE\cake\libs\model\datasources\dbo_source.php, line 514]
2009-05-20 10:50:05 Warning: Warning (2): Invalid argument supplied for foreach() in [APP\views\managers\transactions.ctp, line 13]
2009-05-20 11:16:59 Warning: Warning (2): Missing argument 1 for NewsController::index(), called in C:\wamp\www\asrnet\cake\libs\object.php on line 115 and defined in [APP\controllers\news_controller.php, line 6]
2009-05-20 11:17:00 Warning: Warning (2): Missing argument 1 for NewsController::index(), called in C:\wamp\www\asrnet\cake\libs\object.php on line 115 and defined in [APP\controllers\news_controller.php, line 6]
2010-05-20 05:13:58 Warning: Warning (2): mysql_connect() [<a href='function.mysql-connect'>function.mysql-connect</a>]: Access denied for user 'sadafgos_epay'@'localhost' (using password: YES) in [CORE/cake/libs/model/datasources/dbo/dbo_mysql.php, line 370]
2010-05-20 05:13:58 Warning: Warning (2): mysql_select_db(): supplied argument is not a valid MySQL-Link resource in [CORE/cake/libs/model/datasources/dbo/dbo_mysql.php, line 375]
2010-05-20 05:13:58 Warning: Warning (2): mysql_query(): supplied argument is not a valid MySQL-Link resource in [CORE/cake/libs/model/datasources/dbo/dbo_mysql.php, line 407]
2010-05-20 05:13:58 Warning: Warning (2): mysql_get_server_info(): supplied argument is not a valid MySQL-Link resource in [CORE/cake/libs/model/datasources/dbo/dbo_mysql.php, line 383]
2010-05-20 05:14:08 Warning: Warning (2): mysql_connect() [<a href='function.mysql-connect'>function.mysql-connect</a>]: Access denied for user 'sadafgos_epay'@'localhost' (using password: YES) in [CORE/cake/libs/model/datasources/dbo/dbo_mysql.php, line 370]
2010-05-20 05:14:08 Warning: Warning (2): mysql_select_db(): supplied argument is not a valid MySQL-Link resource in [CORE/cake/libs/model/datasources/dbo/dbo_mysql.php, line 375]
2010-05-20 05:14:08 Warning: Warning (2): mysql_query(): supplied argument is not a valid MySQL-Link resource in [CORE/cake/libs/model/datasources/dbo/dbo_mysql.php, line 407]
2010-05-20 05:14:08 Warning: Warning (2): mysql_get_server_info(): supplied argument is not a valid MySQL-Link resource in [CORE/cake/libs/model/datasources/dbo/dbo_mysql.php, line 383]
2010-05-20 05:14:16 Warning: Warning (2): mysql_connect() [<a href='function.mysql-connect'>function.mysql-connect</a>]: Access denied for user 'sadafgos_epay'@'localhost' (using password: YES) in [CORE/cake/libs/model/datasources/dbo/dbo_mysql.php, line 370]
2010-05-20 05:14:16 Warning: Warning (2): mysql_select_db(): supplied argument is not a valid MySQL-Link resource in [CORE/cake/libs/model/datasources/dbo/dbo_mysql.php, line 375]
2010-05-20 05:14:16 Warning: Warning (2): mysql_query(): supplied argument is not a valid MySQL-Link resource in [CORE/cake/libs/model/datasources/dbo/dbo_mysql.php, line 407]
2010-05-20 05:14:16 Warning: Warning (2): mysql_get_server_info(): supplied argument is not a valid MySQL-Link resource in [CORE/cake/libs/model/datasources/dbo/dbo_mysql.php, line 383]
2010-05-20 05:39:06 Warning: Warning (512): <span style = "color:Red;text-align:left"><b>SQL Error:</b> 1048: Column 'user_id' cannot be null</span> in [CORE/cake/libs/model/datasources/dbo_source.php, line 514]
2010-05-20 05:39:07 Warning: Warning (2): Invalid argument supplied for foreach() in [APP/views/users/redirectmerchant.ctp, line 12]
2010-05-20 05:39:22 Warning: Warning (512): <span style = "color:Red;text-align:left"><b>SQL Error:</b> 1048: Column 'user_id' cannot be null</span> in [CORE/cake/libs/model/datasources/dbo_source.php, line 514]
2010-05-20 05:39:22 Warning: Warning (2): Invalid argument supplied for foreach() in [APP/views/users/redirectmerchant.ctp, line 12]
2010-05-20 05:55:28 Warning: Warning (2): Invalid argument supplied for foreach() in [APP/views/users/redirectmerchant.ctp, line 12]
2010-05-22 01:50:59 Warning: Warning (2): Invalid argument supplied for foreach() in [APP/views/users/redirectmerchant.ctp, line 12]
